<?xml version="1.0" encoding="UTF-8"?>
<!-- Generated by org.testng.reporters.JUnitXMLReporter -->
<testsuite ignored="0" hostname="DESKTOP-7HURLFU" failures="0" tests="1" name="Test" time="10.67" errors="0" timestamp="2025-04-20T17:49:44 IST">
  <testcase classname="com.coverFox_test.CoverFoxTestUsingTestNGclass" name="@BeforeClass launchBrowser" time="10.359">
    <failure type="java.io.FileNotFoundException" message="C:\Users\user\Anjali\eclipse-workspace\Nov23Batch24_Maven\test.properties (The system cannot find the file specified)">
      <![CDATA[java.io.FileNotFoundException: C:\Users\user\Anjali\eclipse-workspace\Nov23Batch24_Maven\test.properties (The system cannot find the file specified)
at java.base/java.io.FileInputStream.open0(Native Method)
at java.base/java.io.FileInputStream.open(FileInputStream.java:219)
at java.base/java.io.FileInputStream.<init>(FileInputStream.java:159)
at java.base/java.io.FileInputStream.<init>(FileInputStream.java:112)
at com.coverFox_Utility.Utility.readDataFromPropertiesFile(Utility.java:59)
at com.coverFox_Base.Base.openBrowser(Base.java:23)
at com.coverFox_test.CoverFoxTestUsingTestNGclass.launchBrowser(CoverFoxTestUsingTestNGclass.java:49)
at java.base/java.util.ArrayList.forEach(ArrayList.java:1597)
... Removed 23 stack frames]]>
    </failure>
  </testcase> <!-- @BeforeClass launchBrowser -->
  <testcase classname="com.coverFox_test.CoverFoxTestUsingTestNGclass" name="@BeforeMethod coverFoxPrecondition" time="0.0">
    <skipped/>
  </testcase> <!-- @BeforeMethod coverFoxPrecondition -->
  <testcase classname="com.coverFox_test.CoverFoxTestUsingTestNGclass" name="@AfterClass closeBrowser" time="0.0">
    <skipped/>
  </testcase> <!-- @AfterClass closeBrowser -->
  <testcase classname="com.coverFox_test.CoverFoxTestUsingTestNGclass" name="validateCoverFoxPlans" time="0.0">
    <skipped/>
  </testcase> <!-- validateCoverFoxPlans -->
</testsuite> <!-- Test -->
